{"uuid":"3b3f87c1-4ec5-48e4-805d-7aade7942086","historyId":"cc1b5ea97df185e846b9e619181e482b","fullName":"ru.practikum.tests.ConstructorTests.goToSectionFillingsTest","labels":[{"name":"package","value":"ru.practikum.tests"},{"name":"testClass","value":"ru.practikum.tests.ConstructorTests"},{"name":"testMethod","value":"goToSectionFillingsTest"},{"name":"suite","value":"ru.practikum.tests.ConstructorTests"},{"name":"host","value":"DESKTOP-UOT8BDE"},{"name":"thread","value":"4952@DESKTOP-UOT8BDE.main(1)"},{"name":"framework","value":"junit4"},{"name":"language","value":"java"}],"links":[],"name":"Go to section 'Fillings' in Constructor","status":"failed","statusDetails":{"known":false,"muted":false,"flaky":false,"message":"Вкладка 'Начинки' неактивна","trace":"java.lang.AssertionError: Вкладка 'Начинки' неактивна\r\n\tat org.junit.Assert.fail(Assert.java:89)\r\n\tat org.junit.Assert.assertTrue(Assert.java:42)\r\n\tat ru.practikum.pages.MainPageConstructor.checkIfSectionFillingsIsActive(MainPageConstructor.java:78)\r\n\tat ru.practikum.tests.ConstructorTests.goToSectionFillingsTest(ConstructorTests.java:61)\r\n\tat java.base/jdk.internal.reflect.NativeMethodAccessorImpl.invoke0(Native Method)\r\n\tat java.base/jdk.internal.reflect.NativeMethodAccessorImpl.invoke(NativeMethodAccessorImpl.java:62)\r\n\tat java.base/jdk.internal.reflect.DelegatingMethodAccessorImpl.invoke(DelegatingMethodAccessorImpl.java:43)\r\n\tat java.base/java.lang.reflect.Method.invoke(Method.java:566)\r\n\tat org.junit.runners.model.FrameworkMethod$1.runReflectiveCall(FrameworkMethod.java:59)\r\n\tat org.junit.internal.runners.model.ReflectiveCallable.run(ReflectiveCallable.java:12)\r\n\tat org.junit.runners.model.FrameworkMethod.invokeExplosively(FrameworkMethod.java:56)\r\n\tat org.junit.internal.runners.statements.InvokeMethod.evaluate(InvokeMethod.java:17)\r\n\tat org.junit.internal.runners.statements.RunBefores.evaluate(RunBefores.java:26)\r\n\tat org.junit.rules.ExternalResource$1.evaluate(ExternalResource.java:54)\r\n\tat org.junit.runners.ParentRunner$3.evaluate(ParentRunner.java:306)\r\n\tat org.junit.runners.BlockJUnit4ClassRunner$1.evaluate(BlockJUnit4ClassRunner.java:100)\r\n\tat org.junit.runners.ParentRunner.runLeaf(ParentRunner.java:366)\r\n\tat org.junit.runners.BlockJUnit4ClassRunner.runChild(BlockJUnit4ClassRunner.java:103)\r\n\tat org.junit.runners.BlockJUnit4ClassRunner.runChild(BlockJUnit4ClassRunner.java:63)\r\n\tat org.junit.runners.ParentRunner$4.run(ParentRunner.java:331)\r\n\tat org.junit.runners.ParentRunner$1.schedule(ParentRunner.java:79)\r\n\tat org.junit.runners.ParentRunner.runChildren(ParentRunner.java:329)\r\n\tat org.junit.runners.ParentRunner.access$100(ParentRunner.java:66)\r\n\tat org.junit.runners.ParentRunner$2.evaluate(ParentRunner.java:293)\r\n\tat org.junit.runners.ParentRunner$3.evaluate(ParentRunner.java:306)\r\n\tat org.junit.runners.ParentRunner.run(ParentRunner.java:413)\r\n\tat org.apache.maven.surefire.junit4.JUnit4Provider.execute(JUnit4Provider.java:364)\r\n\tat org.apache.maven.surefire.junit4.JUnit4Provider.executeWithRerun(JUnit4Provider.java:272)\r\n\tat org.apache.maven.surefire.junit4.JUnit4Provider.executeTestSet(JUnit4Provider.java:237)\r\n\tat org.apache.maven.surefire.junit4.JUnit4Provider.invoke(JUnit4Provider.java:158)\r\n\tat org.apache.maven.surefire.booter.ForkedBooter.runSuitesInProcess(ForkedBooter.java:428)\r\n\tat org.apache.maven.surefire.booter.ForkedBooter.execute(ForkedBooter.java:162)\r\n\tat org.apache.maven.surefire.booter.ForkedBooter.run(ForkedBooter.java:562)\r\n\tat org.apache.maven.surefire.booter.ForkedBooter.main(ForkedBooter.java:548)\r\n"},"stage":"finished","description":"Test go to section 'Fillings' via click on tab Sauces","steps":[{"name":"Open main page (constructor)","status":"passed","stage":"finished","steps":[],"attachments":[],"parameters":[],"start":1755641848607,"stop":1755641851072},{"name":"Click on Tab Fillings in Constructor","status":"passed","stage":"finished","steps":[],"attachments":[],"parameters":[],"start":1755641851072,"stop":1755641851219},{"name":"Wait until tab Buns will be clickable","status":"passed","stage":"finished","steps":[],"attachments":[],"parameters":[],"start":1755641851219,"stop":1755641851345},{"name":"Check Fillings Section Activity","status":"failed","statusDetails":{"known":false,"muted":false,"flaky":false,"message":"Вкладка 'Начинки' неактивна","trace":"java.lang.AssertionError: Вкладка 'Начинки' неактивна\r\n\tat org.junit.Assert.fail(Assert.java:89)\r\n\tat org.junit.Assert.assertTrue(Assert.java:42)\r\n\tat ru.practikum.pages.MainPageConstructor.checkIfSectionFillingsIsActive(MainPageConstructor.java:78)\r\n\tat ru.practikum.tests.ConstructorTests.goToSectionFillingsTest(ConstructorTests.java:61)\r\n\tat java.base/jdk.internal.reflect.NativeMethodAccessorImpl.invoke0(Native Method)\r\n\tat java.base/jdk.internal.reflect.NativeMethodAccessorImpl.invoke(NativeMethodAccessorImpl.java:62)\r\n\tat java.base/jdk.internal.reflect.DelegatingMethodAccessorImpl.invoke(DelegatingMethodAccessorImpl.java:43)\r\n\tat java.base/java.lang.reflect.Method.invoke(Method.java:566)\r\n\tat org.junit.runners.model.FrameworkMethod$1.runReflectiveCall(FrameworkMethod.java:59)\r\n\tat org.junit.internal.runners.model.ReflectiveCallable.run(ReflectiveCallable.java:12)\r\n\tat org.junit.runners.model.FrameworkMethod.invokeExplosively(FrameworkMethod.java:56)\r\n\tat org.junit.internal.runners.statements.InvokeMethod.evaluate(InvokeMethod.java:17)\r\n\tat org.junit.internal.runners.statements.RunBefores.evaluate(RunBefores.java:26)\r\n\tat org.junit.rules.ExternalResource$1.evaluate(ExternalResource.java:54)\r\n\tat org.junit.runners.ParentRunner$3.evaluate(ParentRunner.java:306)\r\n\tat org.junit.runners.BlockJUnit4ClassRunner$1.evaluate(BlockJUnit4ClassRunner.java:100)\r\n\tat org.junit.runners.ParentRunner.runLeaf(ParentRunner.java:366)\r\n\tat org.junit.runners.BlockJUnit4ClassRunner.runChild(BlockJUnit4ClassRunner.java:103)\r\n\tat org.junit.runners.BlockJUnit4ClassRunner.runChild(BlockJUnit4ClassRunner.java:63)\r\n\tat org.junit.runners.ParentRunner$4.run(ParentRunner.java:331)\r\n\tat org.junit.runners.ParentRunner$1.schedule(ParentRunner.java:79)\r\n\tat org.junit.runners.ParentRunner.runChildren(ParentRunner.java:329)\r\n\tat org.junit.runners.ParentRunner.access$100(ParentRunner.java:66)\r\n\tat org.junit.runners.ParentRunner$2.evaluate(ParentRunner.java:293)\r\n\tat org.junit.runners.ParentRunner$3.evaluate(ParentRunner.java:306)\r\n\tat org.junit.runners.ParentRunner.run(ParentRunner.java:413)\r\n\tat org.apache.maven.surefire.junit4.JUnit4Provider.execute(JUnit4Provider.java:364)\r\n\tat org.apache.maven.surefire.junit4.JUnit4Provider.executeWithRerun(JUnit4Provider.java:272)\r\n\tat org.apache.maven.surefire.junit4.JUnit4Provider.executeTestSet(JUnit4Provider.java:237)\r\n\tat org.apache.maven.surefire.junit4.JUnit4Provider.invoke(JUnit4Provider.java:158)\r\n\tat org.apache.maven.surefire.booter.ForkedBooter.runSuitesInProcess(ForkedBooter.java:428)\r\n\tat org.apache.maven.surefire.booter.ForkedBooter.execute(ForkedBooter.java:162)\r\n\tat org.apache.maven.surefire.booter.ForkedBooter.run(ForkedBooter.java:562)\r\n\tat org.apache.maven.surefire.booter.ForkedBooter.main(ForkedBooter.java:548)\r\n"},"stage":"finished","steps":[],"attachments":[],"parameters":[],"start":1755641851345,"stop":1755641851441}],"attachments":[],"parameters":[],"start":1755641847000,"stop":1755641851688}